<?xml version="1.0" encoding="UTF-8"?>
<testsuite xmlns:xsi="http://www.w3.org/2001/XMLSchema-instance" xsi:noNamespaceSchemaLocation="https://maven.apache.org/surefire/maven-surefire-plugin/xsd/surefire-test-report.xsd" name="fr.univtln.bruno.CalculatorTest" time="0.07" tests="1" errors="0" skipped="0" failures="0">
  <properties>
    <property name="java.specification.version" value="15"/>
    <property name="sun.jnu.encoding" value="ANSI_X3.4-1968"/>
    <property name="java.class.path" value="/notebooks/01_Introduction/resources/01.05/MyJunitApp/target/test-classes:/notebooks/01_Introduction/resources/01.05/MyJunitApp/target/classes:/home/user/.m2/repository/junit/junit/4.13.1/junit-4.13.1.jar:/home/user/.m2/repository/org/hamcrest/hamcrest-core/1.3/hamcrest-core-1.3.jar:"/>
    <property name="java.vm.vendor" value="AdoptOpenJDK"/>
    <property name="sun.arch.data.model" value="64"/>
    <property name="java.vendor.url" value="https://adoptopenjdk.net/"/>
    <property name="os.name" value="Linux"/>
    <property name="java.vm.specification.version" value="15"/>
    <property name="sun.java.launcher" value="SUN_STANDARD"/>
    <property name="user.country" value="US"/>
    <property name="sun.boot.library.path" value="/opt/sdkman/candidates/java/15.0.1.hs-adpt/lib"/>
    <property name="sun.java.command" value="/notebooks/01_Introduction/resources/01.05/MyJunitApp/target/surefire/surefirebooter15124811101520906806.jar /notebooks/01_Introduction/resources/01.05/MyJunitApp/target/surefire 2020-11-24T22-20-48_801-jvmRun1 surefire11231906855872120558tmp surefire_012691486687923523413tmp"/>
    <property name="jdk.debug" value="release"/>
    <property name="surefire.test.class.path" value="/notebooks/01_Introduction/resources/01.05/MyJunitApp/target/test-classes:/notebooks/01_Introduction/resources/01.05/MyJunitApp/target/classes:/home/user/.m2/repository/junit/junit/4.13.1/junit-4.13.1.jar:/home/user/.m2/repository/org/hamcrest/hamcrest-core/1.3/hamcrest-core-1.3.jar:"/>
    <property name="sun.cpu.endian" value="little"/>
    <property name="user.home" value="/home/user"/>
    <property name="user.language" value="en"/>
    <property name="java.specification.vendor" value="Oracle Corporation"/>
    <property name="java.version.date" value="2020-10-20"/>
    <property name="java.home" value="/opt/sdkman/candidates/java/15.0.1.hs-adpt"/>
    <property name="file.separator" value="/"/>
    <property name="basedir" value="/notebooks/01_Introduction/resources/01.05/MyJunitApp"/>
    <property name="java.vm.compressedOopsMode" value="Zero based"/>
    <property name="line.separator" value="&#10;"/>
    <property name="java.vm.specification.vendor" value="Oracle Corporation"/>
    <property name="java.specification.name" value="Java Platform API Specification"/>
    <property name="surefire.real.class.path" value="/notebooks/01_Introduction/resources/01.05/MyJunitApp/target/surefire/surefirebooter15124811101520906806.jar"/>
    <property name="sun.management.compiler" value="HotSpot 64-Bit Tiered Compilers"/>
    <property name="java.runtime.version" value="15.0.1+9"/>
    <property name="user.name" value="user"/>
    <property name="path.separator" value=":"/>
    <property name="os.version" value="5.9.9-200.fc33.x86_64"/>
    <property name="java.runtime.name" value="OpenJDK Runtime Environment"/>
    <property name="file.encoding" value="ANSI_X3.4-1968"/>
    <property name="java.vm.name" value="OpenJDK 64-Bit Server VM"/>
    <property name="java.vendor.version" value="AdoptOpenJDK"/>
    <property name="localRepository" value="/home/user/.m2/repository"/>
    <property name="java.vendor.url.bug" value="https://github.com/AdoptOpenJDK/openjdk-support/issues"/>
    <property name="java.io.tmpdir" value="/tmp"/>
    <property name="java.version" value="15.0.1"/>
    <property name="user.dir" value="/notebooks/01_Introduction/resources/01.05/MyJunitApp"/>
    <property name="os.arch" value="amd64"/>
    <property name="java.vm.specification.name" value="Java Virtual Machine Specification"/>
    <property name="java.library.path" value="/usr/java/packages/lib:/usr/lib64:/lib64:/lib:/usr/lib"/>
    <property name="java.vm.info" value="mixed mode, sharing"/>
    <property name="java.vendor" value="AdoptOpenJDK"/>
    <property name="java.vm.version" value="15.0.1+9"/>
    <property name="sun.io.unicode.encoding" value="UnicodeLittle"/>
    <property name="java.class.version" value="59.0"/>
  </properties>
  <testcase name="evaluatesExpression" classname="fr.univtln.bruno.CalculatorTest" time="0.005"/>
</testsuite>